Running script
/shared/sets/datasets/CIFAR10-dgm_eval/CIFAR10/train
/shared/sets/datasets/CIFAR10-dgm_eval/CIFAR10/test
2025-12-12 21:38:04,966 [INFO] Starting main.py
2025-12-12 21:38:04,968 [INFO] Device: cuda, num_workers: 8
2025-12-12 21:38:04,968 [INFO] Loading model: dinov3
None b sssssssssssssssssssssssssssssssss
Traceback (most recent call last):
  File "/home/gmkadzio/continued/main.py", line 388, in <module>
    main()
    ~~~~^^
  File "/home/gmkadzio/continued/main.py", line 343, in main
    model = get_model(args, device)
  File "/home/gmkadzio/continued/main.py", line 211, in get_model
    return load_encoder(
        args.model,
    ...<5 lines>...
        depth=args.depth,
    )
  File "/home/gmkadzio/continued/models/load_encoder.py", line 25, in load_encoder
    encoder = model_cls(**{arg: kwargs[arg] for arg in arguments if arg in kwargs})
  File "/home/gmkadzio/continued/models/encoder.py", line 11, in __init__
    self.setup(*args, **kwargs)
    ~~~~~~~~~~^^^^^^^^^^^^^^^^^
  File "/home/gmkadzio/continued/models/dinov3.py", line 25, in setup
    self.model = torch.hub.load(
                 ~~~~~~~~~~~~~~^
        self.repo_dir, "dinov3_vitb16", source="local", pretrained=False #żeby wczytać własne wagi
        ^^^^^^^^^^^^^^^^^^^^^^^^^^^^^^^^^^^^^^^^^^^^^^^^^^^^^^^^^^^^^^^^^^^^^^^^^^^^^^^^^^^^^^^^^^
    )
    ^
  File "/home/gmkadzio/miniconda3/envs/palate/lib/python3.13/site-packages/torch/hub.py", line 647, in load
    model = _load_local(repo_or_dir, model, *args, **kwargs)
  File "/home/gmkadzio/miniconda3/envs/palate/lib/python3.13/site-packages/torch/hub.py", line 673, in _load_local
    hub_module = _import_module(MODULE_HUBCONF, hubconf_path)
  File "/home/gmkadzio/miniconda3/envs/palate/lib/python3.13/site-packages/torch/hub.py", line 115, in _import_module
    spec.loader.exec_module(module)
    ~~~~~~~~~~~~~~~~~~~~~~~^^^^^^^^
  File "<frozen importlib._bootstrap_external>", line 1026, in exec_module
  File "<frozen importlib._bootstrap>", line 488, in _call_with_frames_removed
  File "/home/gmkadzio/continued/dinov3/hubconf.py", line 22, in <module>
    from dinov3.hub.segmentors import dinov3_vit7b16_ms
  File "/home/gmkadzio/continued/dinov3/dinov3/hub/segmentors.py", line 10, in <module>
    from dinov3.eval.segmentation.models import build_segmentation_decoder
  File "/home/gmkadzio/continued/dinov3/dinov3/eval/segmentation/models/__init__.py", line 14, in <module>
    from dinov3.eval.utils import ModelWithIntermediateLayers
  File "/home/gmkadzio/continued/dinov3/dinov3/eval/utils.py", line 15, in <module>
    from torchmetrics import Metric
ModuleNotFoundError: No module named 'torchmetrics'
Task completed
