Running script
/shared/sets/datasets/CIFAR10-dgm_eval/CIFAR10/train
/shared/sets/datasets/CIFAR10-dgm_eval/CIFAR10/test
Traceback (most recent call last):
  File "/home/gmkadzio/continued/main.py", line 13, in <module>
    from dataloader import get_dataloader
  File "/home/gmkadzio/continued/dataloader.py", line 9, in <module>
    import torchvision
  File "/home/gmkadzio/miniconda3/envs/palate/lib/python3.13/site-packages/torchvision/__init__.py", line 10, in <module>
    from torchvision import _meta_registrations, datasets, io, models, ops, transforms, utils  # usort:skip
    ^^^^^^^^^^^^^^^^^^^^^^^^^^^^^^^^^^^^^^^^^^^^^^^^^^^^^^^^^^^^^^^^^^^^^^^^^^^^^^^^^^^^^^^^^
  File "/home/gmkadzio/miniconda3/envs/palate/lib/python3.13/site-packages/torchvision/_meta_registrations.py", line 163, in <module>
    @torch.library.register_fake("torchvision::nms")
     ~~~~~~~~~~~~~~~~~~~~~~~~~~~^^^^^^^^^^^^^^^^^^^^
  File "/home/gmkadzio/miniconda3/envs/palate/lib/python3.13/site-packages/torch/library.py", line 828, in register
    use_lib._register_fake(op_name, func, _stacklevel=stacklevel + 1)
    ~~~~~~~~~~~~~~~~~~~~~~^^^^^^^^^^^^^^^^^^^^^^^^^^^^^^^^^^^^^^^^^^^
  File "/home/gmkadzio/miniconda3/envs/palate/lib/python3.13/site-packages/torch/library.py", line 198, in _register_fake
    handle = entry.fake_impl.register(func_to_register, source)
  File "/home/gmkadzio/miniconda3/envs/palate/lib/python3.13/site-packages/torch/_library/fake_impl.py", line 31, in register
    if torch._C._dispatch_has_kernel_for_dispatch_key(self.qualname, "Meta"):
       ~~~~~~~~~~~~~~~~~~~~~~~~~~~~~~~~~~~~~~~~~~~~~~^^^^^^^^^^^^^^^^^^^^^^^
RuntimeError: operator torchvision::nms does not exist
Task completed
